GET /pet/1 @ 24/4/24, 4:43:16 am
GET /pet/6 @ 24/4/24, 4:43:23 am
POST /pet @ 24/4/24, 4:44:10 am
DELETE /remove-pet/2 @ 24/4/24, 4:44:35 am
GET /pet/1 @ 24/4/24, 2:25:29 pm
GET /pet/1 @ 24/4/24, 2:26:08 pm
GET /pet/1 @ 24/4/24, 2:26:19 pm
GET /pet/1 @ 24/4/24, 2:26:33 pm
POST /new-pet @ 24/4/24, 2:26:33 pm
GET /pet/1 @ 24/4/24, 2:26:33 pm
POST /new-pet @ 24/4/24, 2:26:33 pm
POST /new-pet @ 24/4/24, 2:35:02 pm
GET /pet/10 @ 24/4/24, 2:35:02 pm
DELETE /remove-pet/1 @ 24/4/24, 2:35:02 pm
POST /new-pet @ 24/4/24, 2:36:33 pm
GET /pet/11 @ 24/4/24, 2:36:33 pm
DELETE /remove-pet/11 @ 24/4/24, 2:36:33 pm
POST /new-pet @ 24/4/24, 2:38:12 pm
GET /pet/11 @ 24/4/24, 2:38:12 pm
DELETE /remove-pet/11 @ 24/4/24, 2:38:12 pm
POST /new-pet @ 24/4/24, 2:42:41 pm
GET /pet/11 @ 24/4/24, 2:42:41 pm
DELETE /remove-pet/11 @ 24/4/24, 2:42:41 pm
POST /new-pet @ 24/4/24, 2:42:55 pm
GET /pet/11 @ 24/4/24, 2:42:55 pm
DELETE /remove-pet/11 @ 24/4/24, 2:42:55 pm
POST /new-pet @ 24/4/24, 2:45:33 pm
GET /pet/11 @ 24/4/24, 2:45:33 pm
DELETE /remove-pet/11 @ 24/4/24, 2:45:33 pm
POST /new-pet @ 24/4/24, 2:45:47 pm
GET /pet/11 @ 24/4/24, 2:45:47 pm
DELETE /remove-pet/11 @ 24/4/24, 2:45:47 pm
POST /new-pet @ 24/4/24, 2:47:20 pm
GET /pet/11 @ 24/4/24, 2:47:20 pm
DELETE /remove-pet/11 @ 24/4/24, 2:47:20 pm
POST /new-pet @ 24/4/24, 2:52:50 pm
GET /pet/11 @ 24/4/24, 2:52:50 pm
DELETE /remove-pet/11 @ 24/4/24, 2:52:50 pm
POST /new-pet @ 24/4/24, 2:53:31 pm
GET /pet/11 @ 24/4/24, 2:53:31 pm
DELETE /remove-pet/11 @ 24/4/24, 2:53:31 pm
POST /new-pet @ 24/4/24, 2:53:55 pm
GET /pet/8 @ 24/4/24, 2:53:55 pm
DELETE /remove-pet/8 @ 24/4/24, 2:53:55 pm
GET /pets/3 @ 24/4/24, 3:58:12 pm
POST /new-pet @ 24/4/24, 3:58:43 pm
DELETE /remove-pet/8 @ 24/4/24, 3:58:58 pm
POST /new-pet @ 24/4/24, 3:59:29 pm
GET /pets/8 @ 24/4/24, 3:59:29 pm
DELETE /remove-pet/8 @ 24/4/24, 3:59:29 pm
POST /new-pet @ 24/4/24, 3:59:30 pm
GET /pets/8 @ 24/4/24, 3:59:30 pm
DELETE /remove-pet/8 @ 24/4/24, 3:59:30 pm
POST /new-pet @ 24/4/24, 4:00:39 pm
DELETE /remove-pet/8 @ 24/4/24, 4:00:39 pm
POST /new-pet @ 24/4/24, 4:14:28 pm
GET /pets/8 @ 24/4/24, 4:14:28 pm
DELETE /remove-pet/8 @ 24/4/24, 4:14:28 pm
GET /pets/3 @ 24/4/24, 4:15:08 pm
POST /new-pet @ 24/4/24, 4:15:31 pm
GET /pets/8 @ 24/4/24, 4:15:44 pm
DELETE /remove-pet/8 @ 24/4/24, 4:15:51 pm
